<?xml version="1.0" encoding="UTF-8"?>
<!-- Generated by org.testng.reporters.JUnitXMLReporter -->
<testsuite hostname="SKALOKHE2L2" name="Default test" tests="4" failures="0" timestamp="21 Feb 2020 06:18:31 GMT" time="0.025" errors="0">
  <testcase name="Mlobile_01" time="0.009" classname="sonaMavenProject.mobile_Appium"/>
  <testcase name="MobleAutomation" time="0.001" classname="sonaMavenProject.mobile_Appium"/>
  <testcase name="BrowserAutomation" time="0.0" classname="sonaMavenProject.Selenium"/>
  <testcase name="UIAutomation" time="0.0" classname="sonaMavenProject.Selenium"/>
</testsuite> <!-- Default test -->
