<?xml version="1.0" encoding="UTF-8"?>
<!-- Generated by org.testng.reporters.JUnitXMLReporter -->
<testsuite hostname="SKALOKHE2L2" ignored="0" name="Test" tests="4" failures="0" timestamp="2020-02-21T11:52:22 IST" time="0.036" errors="0">
  <testcase name="Mlobile_01" time="0.003" classname="sonaMavenProject.mobile_Appium"/>
  <testcase name="MobleAutomation" time="0.0" classname="sonaMavenProject.mobile_Appium"/>
  <testcase name="BrowserAutomation" time="0.0" classname="sonaMavenProject.Selenium"/>
  <testcase name="UIAutomation" time="0.0" classname="sonaMavenProject.Selenium"/>
</testsuite> <!-- Test -->
