<?xml version="1.0" encoding="UTF-8"?>
<testng-results skipped="0" failed="0" ignored="0" total="4" passed="4">
  <reporter-output>
  </reporter-output>
  <suite name="Suite" duration-ms="36" started-at="2020-02-21T11:52:22 IST" finished-at="2020-02-21T11:52:22 IST">
    <groups>
    </groups>
    <test name="Test" duration-ms="36" started-at="2020-02-21T11:52:22 IST" finished-at="2020-02-21T11:52:22 IST">
      <class name="sonaMavenProject.mobile_Appium">
        <test-method status="PASS" signature="Mlobile_01()[pri:0, instance:sonaMavenProject.mobile_Appium@4b952a2d]" name="Mlobile_01" duration-ms="3" started-at="2020-02-21T11:52:22 IST" finished-at="2020-02-21T11:52:22 IST">
          <reporter-output>
          </reporter-output>
        </test-method> <!-- Mlobile_01 -->
        <test-method status="PASS" signature="MobleAutomation()[pri:0, instance:sonaMavenProject.mobile_Appium@4b952a2d]" name="MobleAutomation" duration-ms="0" started-at="2020-02-21T11:52:22 IST" finished-at="2020-02-21T11:52:22 IST">
          <reporter-output>
          </reporter-output>
        </test-method> <!-- MobleAutomation -->
      </class> <!-- sonaMavenProject.mobile_Appium -->
      <class name="sonaMavenProject.Selenium">
        <test-method status="PASS" signature="BrowserAutomation()[pri:0, instance:sonaMavenProject.Selenium@3159c4b8]" name="BrowserAutomation" duration-ms="0" started-at="2020-02-21T11:52:22 IST" finished-at="2020-02-21T11:52:22 IST">
          <reporter-output>
          </reporter-output>
        </test-method> <!-- BrowserAutomation -->
        <test-method status="PASS" signature="UIAutomation()[pri:0, instance:sonaMavenProject.Selenium@3159c4b8]" name="UIAutomation" duration-ms="0" started-at="2020-02-21T11:52:22 IST" finished-at="2020-02-21T11:52:22 IST">
          <reporter-output>
          </reporter-output>
        </test-method> <!-- UIAutomation -->
      </class> <!-- sonaMavenProject.Selenium -->
    </test> <!-- Test -->
  </suite> <!-- Suite -->
</testng-results>
