<?xml version="1.0" encoding="UTF-8"?>
<testsuite xmlns:xsi="http://www.w3.org/2001/XMLSchema-instance" xsi:noNamespaceSchemaLocation="https://maven.apache.org/surefire/maven-surefire-plugin/xsd/surefire-test-report-3.0.xsd" version="3.0" name="TestSuite" time="0.491" tests="4" errors="0" skipped="0" failures="0">
  <properties>
[...]
</properties>
  <testcase name="Mlobile_01" classname="sonaMavenProject.mobile_Appium" time="0.005"/>
  <testcase name="MobleAutomation" classname="sonaMavenProject.mobile_Appium" time="0.001"/>
  <testcase name="BrowserAutomation" classname="sonaMavenProject.Selenium" time="0.002"/>
  <testcase name="UIAutomation" classname="sonaMavenProject.Selenium" time="0.001"/>
</testsuite>